[debug] [2024-09-28T17:06:51.481Z] ----------------------------------------------------------------------
[debug] [2024-09-28T17:06:51.489Z] Command:       C:\Program Files\nodejs\node.exe C:\Users\saada\AppData\Roaming\npm\node_modules\firebase-tools\lib\bin\firebase.js init
[debug] [2024-09-28T17:06:51.490Z] CLI Version:   13.20.1
[debug] [2024-09-28T17:06:51.490Z] Platform:      win32
[debug] [2024-09-28T17:06:51.490Z] Node Version:  v20.9.0
[debug] [2024-09-28T17:06:51.491Z] Time:          Sat Sep 28 2024 10:06:51 GMT-0700 (Pacific Daylight Time)
[debug] [2024-09-28T17:06:51.491Z] ----------------------------------------------------------------------
[debug] 
[debug] [2024-09-28T17:06:51.499Z] >>> [apiv2][query] GET https://firebase-public.firebaseio.com/cli.json [none]
[debug] [2024-09-28T17:06:51.640Z] > command requires scopes: ["email","openid","https://www.googleapis.com/auth/cloudplatformprojects.readonly","https://www.googleapis.com/auth/firebase","https://www.googleapis.com/auth/cloud-platform"]
[debug] [2024-09-28T17:06:51.640Z] > authorizing via signed-in user (arsa0328@gmail.com)
[info] 
     ######## #### ########  ######## ########     ###     ######  ########
     ##        ##  ##     ## ##       ##     ##  ##   ##  ##       ##
     ######    ##  ########  ######   ########  #########  ######  ######
     ##        ##  ##    ##  ##       ##     ## ##     ##       ## ##
     ##       #### ##     ## ######## ########  ##     ##  ######  ########

You're about to initialize a Firebase project in this directory:

  C:\Users\saada\Documents\Personal Projects\kartick\frontend

[debug] [2024-09-28T17:06:51.894Z] <<< [apiv2][status] GET https://firebase-public.firebaseio.com/cli.json 200
[debug] [2024-09-28T17:06:51.896Z] <<< [apiv2][body] GET https://firebase-public.firebaseio.com/cli.json {"cloudBuildErrorAfter":1594252800000,"cloudBuildWarnAfter":1590019200000,"defaultNode10After":1594252800000,"minVersion":"3.0.5","node8DeploysDisabledAfter":1613390400000,"node8RuntimeDisabledAfter":1615809600000,"node8WarnAfter":1600128000000}
